Build started 05/12/2014 12:54:29.
Project "E:\sw\workspaces\osoa\vs\osoa\osoa.vcxproj" on node 2 (Rebuild target(s)).
ClCompile:
  C:\Program Files\Microsoft Visual Studio 12.0\VC\bin\CL.exe /c /I..\..\..\..\lib\boost\boost_1_55_0 /I..\..\ /ZI /nologo /W3 /WX- /Od /Oy- /D WIN32 /D _DEBUG /D _LIB /D _UNICODE /D UNICODE /Gm /EHsc /RTC1 /MDd /GS /fp:precise /Zc:wchar_t /Zc:forScope /Fo"Debug\\" /Fd"Debug\vc120.pdb" /Gd /TP /analyze- /errorReport:prompt ..\..\item\item.cc ..\..\service\args.cc ..\..\service\logging.cc ..\..\service\service.cc ..\..\util\timing.cc ..\..\util\utilities.cc
  utilities.cc
e:\sw\workspaces\osoa\util\utilities.cc(38): warning C4244: 'return' : conversion from 'double' to 'int', possible loss of data
c:\program files\microsoft visual studio 12.0\vc\include\xutility(2132): warning C4996: 'std::_Copy_impl': Function call with parameters that may be unsafe - this call relies on the caller to check that the passed values are correct. To disable this warning, use -D_SCL_SECURE_NO_WARNINGS. See documentation on how to use Visual C++ 'Checked Iterators'
          c:\program files\microsoft visual studio 12.0\vc\include\xutility(2113) : see declaration of 'std::_Copy_impl'
          e:\sw\lib\boost\boost_1_55_0\boost\algorithm\string\detail\classification.hpp(102) : see reference to function template instantiation '_OutIt std::copy<const char*,char*>(_InIt,_InIt,_OutIt)' being compiled
          with
          [
              _OutIt=char *
  ,            _InIt=const char *
          ]
          e:\sw\lib\boost\boost_1_55_0\boost\algorithm\string\classification.hpp(206) : see reference to function template instantiation 'boost::algorithm::detail::is_any_ofF<char>::is_any_ofF<boost::iterator_range<const char *>>(const RangeT &)' being compiled
          with
          [
              RangeT=boost::iterator_range<const char *>
          ]
          e:\sw\lib\boost\boost_1_55_0\boost\algorithm\string\classification.hpp(206) : see reference to function template instantiation 'boost::algorithm::detail::is_any_ofF<char>::is_any_ofF<boost::iterator_range<const char *>>(const RangeT &)' being compiled
          with
          [
              RangeT=boost::iterator_range<const char *>
          ]
          e:\sw\workspaces\osoa\util\utilities.cc(33) : see reference to function template instantiation 'boost::algorithm::detail::is_any_ofF<char> boost::algorithm::is_any_of<const char[3]>(RangeT (&))' being compiled
          with
          [
              RangeT=const char [3]
          ]
  timing.cc
  service.cc
e:\sw\workspaces\osoa\service\args.h(39): warning C4068: unknown pragma
e:\sw\workspaces\osoa\service\args.h(40): warning C4068: unknown pragma
e:\sw\workspaces\osoa\service\args.h(42): warning C4068: unknown pragma
  Please define _WIN32_WINNT or _WIN32_WINDOWS appropriately. For example:
  - add -D_WIN32_WINNT=0x0501 to the compiler command line; or
  - add _WIN32_WINNT=0x0501 to your project's Preprocessor Definitions.
  Assuming _WIN32_WINNT=0x0501 (i.e. Windows XP target).
e:\sw\lib\boost\boost_1_55_0\boost\asio\detail\impl\socket_ops.ipp(1954): warning C4996: 'WSAAddressToStringA': Use WSAAddressToStringW() instead or define _WINSOCK_DEPRECATED_NO_WARNINGS to disable deprecated API warnings
          c:\program files\windows kits\8.1\include\um\winsock2.h(3556) : see declaration of 'WSAAddressToStringA'
e:\sw\lib\boost\boost_1_55_0\boost\asio\detail\impl\socket_ops.ipp(2160): warning C4996: 'WSAStringToAddressA': Use WSAStringToAddressW() instead or define _WINSOCK_DEPRECATED_NO_WARNINGS to disable deprecated API warnings
          c:\program files\windows kits\8.1\include\um\winsock2.h(3623) : see declaration of 'WSAStringToAddressA'
e:\sw\lib\boost\boost_1_55_0\boost\asio\detail\impl\socket_ops.ipp(2295): warning C4996: 'gethostbyaddr': Use getnameinfo() or GetNameInfoW() instead or define _WINSOCK_DEPRECATED_NO_WARNINGS to disable deprecated API warnings
          c:\program files\windows kits\8.1\include\um\winsock2.h(2216) : see declaration of 'gethostbyaddr'
e:\sw\lib\boost\boost_1_55_0\boost\asio\detail\impl\socket_ops.ipp(2344): warning C4996: 'gethostbyname': Use getaddrinfo() or GetAddrInfoW() instead or define _WINSOCK_DEPRECATED_NO_WARNINGS to disable deprecated API warnings
          c:\program files\windows kits\8.1\include\um\winsock2.h(2238) : see declaration of 'gethostbyname'
e:\sw\lib\boost\boost_1_55_0\boost\asio\detail\impl\socket_select_interrupter.ipp(62): warning C4996: 'inet_addr': Use inet_pton() or InetPton() instead or define _WINSOCK_DEPRECATED_NO_WARNINGS to disable deprecated API warnings
          c:\program files\windows kits\8.1\include\um\winsock2.h(1850) : see declaration of 'inet_addr'
e:\sw\lib\boost\boost_1_55_0\boost\asio\detail\impl\socket_select_interrupter.ipp(75): warning C4996: 'inet_addr': Use inet_pton() or InetPton() instead or define _WINSOCK_DEPRECATED_NO_WARNINGS to disable deprecated API warnings
          c:\program files\windows kits\8.1\include\um\winsock2.h(1850) : see declaration of 'inet_addr'
e:\sw\workspaces\osoa\service\comms\comms.h(51): warning C4068: unknown pragma
e:\sw\workspaces\osoa\service\comms\comms.h(52): warning C4068: unknown pragma
e:\sw\workspaces\osoa\service\comms\comms.h(54): warning C4068: unknown pragma
e:\sw\workspaces\osoa\service\logging.h(40): warning C4068: unknown pragma
e:\sw\workspaces\osoa\service\logging.h(41): warning C4068: unknown pragma
e:\sw\workspaces\osoa\service\logging.h(43): warning C4068: unknown pragma
  logging.cc
e:\sw\workspaces\osoa\service\logging.h(40): warning C4068: unknown pragma
e:\sw\workspaces\osoa\service\logging.h(41): warning C4068: unknown pragma
e:\sw\workspaces\osoa\service\logging.h(43): warning C4068: unknown pragma
  Please define _WIN32_WINNT or _WIN32_WINDOWS appropriately. For example:
  - add -D_WIN32_WINNT=0x0501 to the compiler command line; or
  - add _WIN32_WINNT=0x0501 to your project's Preprocessor Definitions.
  Assuming _WIN32_WINNT=0x0501 (i.e. Windows XP target).
e:\sw\lib\boost\boost_1_55_0\boost\asio\detail\impl\socket_ops.ipp(1954): warning C4996: 'WSAAddressToStringA': Use WSAAddressToStringW() instead or define _WINSOCK_DEPRECATED_NO_WARNINGS to disable deprecated API warnings
          c:\program files\windows kits\8.1\include\um\winsock2.h(3556) : see declaration of 'WSAAddressToStringA'
e:\sw\lib\boost\boost_1_55_0\boost\asio\detail\impl\socket_ops.ipp(2160): warning C4996: 'WSAStringToAddressA': Use WSAStringToAddressW() instead or define _WINSOCK_DEPRECATED_NO_WARNINGS to disable deprecated API warnings
          c:\program files\windows kits\8.1\include\um\winsock2.h(3623) : see declaration of 'WSAStringToAddressA'
e:\sw\lib\boost\boost_1_55_0\boost\asio\detail\impl\socket_ops.ipp(2295): warning C4996: 'gethostbyaddr': Use getnameinfo() or GetNameInfoW() instead or define _WINSOCK_DEPRECATED_NO_WARNINGS to disable deprecated API warnings
          c:\program files\windows kits\8.1\include\um\winsock2.h(2216) : see declaration of 'gethostbyaddr'
e:\sw\lib\boost\boost_1_55_0\boost\asio\detail\impl\socket_ops.ipp(2344): warning C4996: 'gethostbyname': Use getaddrinfo() or GetAddrInfoW() instead or define _WINSOCK_DEPRECATED_NO_WARNINGS to disable deprecated API warnings
          c:\program files\windows kits\8.1\include\um\winsock2.h(2238) : see declaration of 'gethostbyname'
e:\sw\workspaces\osoa\service\args.h(39): warning C4068: unknown pragma
e:\sw\workspaces\osoa\service\args.h(40): warning C4068: unknown pragma
e:\sw\workspaces\osoa\service\args.h(42): warning C4068: unknown pragma
e:\sw\workspaces\osoa\service\logging.cc(162): warning C4996: 'getenv': This function or variable may be unsafe. Consider using _dupenv_s instead. To disable deprecation, use _CRT_SECURE_NO_WARNINGS. See online help for details.
          c:\program files\microsoft visual studio 12.0\vc\include\stdlib.h(462) : see declaration of 'getenv'
e:\sw\workspaces\osoa\service\logging.cc(164): warning C4996: 'getenv': This function or variable may be unsafe. Consider using _dupenv_s instead. To disable deprecation, use _CRT_SECURE_NO_WARNINGS. See online help for details.
          c:\program files\microsoft visual studio 12.0\vc\include\stdlib.h(462) : see declaration of 'getenv'
  args.cc
e:\sw\workspaces\osoa\service\args.h(39): warning C4068: unknown pragma
e:\sw\workspaces\osoa\service\args.h(40): warning C4068: unknown pragma
e:\sw\workspaces\osoa\service\args.h(42): warning C4068: unknown pragma
e:\sw\workspaces\osoa\service\args.cc(44): warning C4244: 'initializing' : conversion from 'double' to 'int', possible loss of data
  item.cc
  Generating Code...
Lib:
  C:\Program Files\Microsoft Visual Studio 12.0\VC\bin\Lib.exe /OUT:"E:\sw\workspaces\osoa\vs\osoa\Debug\osoa.lib" /LIBPATH:c:\sw\lib\boost\boost_1_55_0\stage\lib /NOLOGO Debug\item.obj
  Debug\args.obj
  Debug\logging.obj
  Debug\service.obj
  Debug\timing.obj
  Debug\utilities.obj
item.obj : warning LNK4221: This object file does not define any previously undefined public symbols, so it will not be used by any link operation that consumes this library
  osoa.vcxproj -> E:\sw\workspaces\osoa\vs\osoa\Debug\osoa.lib
Done Building Project "E:\sw\workspaces\osoa\vs\osoa\osoa.vcxproj" (Rebuild target(s)).

Build succeeded.

Time Elapsed 00:02:09.92
